<?xml version="1.0" encoding="UTF-8"?>
<testsuite name="com.storozhuk.blog.service.ArticleServiceTest" tests="1" skipped="0" failures="0" errors="0" timestamp="2021-01-31T10:34:16" hostname="DESKTOP-6V286PS" time="0.076">
  <properties/>
  <testcase name="testOnCorrectClipboardImageSavings()" classname="com.storozhuk.blog.service.ArticleServiceTest" time="0.076"/>
  <system-out><![CDATA[]]></system-out>
  <system-err><![CDATA[]]></system-err>
</testsuite>
